<?xml version="1.0" encoding="UTF-8"?>
<!-- Generated by org.testng.reporters.JUnitXMLReporter -->
<testsuite ignored="0" hostname="DESKTOP-KNOMQ1P" failures="0" tests="9" name="Personal1" time="0.086" errors="0" timestamp="2021-08-06T21:42:18 IST">
  <testcase classname="Abc.Demo" name="demo11" time="0.01"/>
  <testcase classname="Abc.Demo" name="demo12" time="0.002"/>
  <testcase classname="Abc.Loan" name="carloan" time="0.001"/>
  <testcase classname="Abc.Loan" name="homeloan" time="0.002"/>
  <testcase classname="Abc.Loan" name="homeloan1" time="0.001"/>
  <testcase classname="Abc.Loan" name="mobilelloan" time="0.002"/>
  <testcase classname="Abc.Loan" name="personalloan" time="0.001"/>
  <testcase classname="Abc.Start" name="demo" time="0.002"/>
  <testcase classname="Abc.Start" name="demo1" time="0.001"/>
</testsuite> <!-- Personal1 -->
