<?xml version="1.0" encoding="UTF-8"?>
<!-- Generated by org.testng.reporters.JUnitXMLReporter -->
<testsuite ignored="0" hostname="DESKTOP-KNOMQ1P" failures="0" tests="4" name="Personal1" time="0.017" errors="0" timestamp="2021-08-06T13:04:14 IST">
  <testcase classname="Abc.Loan" name="carloan" time="0.001"/>
  <testcase classname="Abc.Loan" name="homeloan" time="0.002"/>
  <testcase classname="Abc.Loan" name="mobilelloan" time="0.003"/>
  <testcase classname="Abc.Loan" name="personalloan" time="0.002"/>
</testsuite> <!-- Personal1 -->
